<?xml version="1.0" encoding="UTF-8" ?>
<testsuite tests="5" failures="0" name="FirstTest" time="0.023" errors="0" skipped="0">
  <properties>
[...]
</properties>
  <testcase classname="FirstTest" name="FirstTest.testCalculatingSumOfAllDigitsInString_assertEquals" time="0.007"/>
  <testcase classname="FirstTest" name="FirstTest.testCalculatingSumOfAllDigitsInString_assertFalse" time="0.011"/>
  <testcase classname="FirstTest" name="FirstTest.testCalculatingSumOfAllDigitsInString_assertTrue" time="0.002"/>
  <testcase classname="FirstTest" name="FirstTest.testCalculatingSumOfAllDigitsInString_assertNotEquals" time="0.003"/>
  <testcase classname="FirstTest" name="FirstTest.testPlusOperator" time="0"/>
</testsuite>